2018-08-02 16:20:11,654 Instabot Started
2018-08-02 16:20:13,578 Logged-in successfully as 'python.class'!
2018-08-02 16:20:13,594 Saved cookie!
2018-08-02 16:20:13,934 Bot stopped. Worked: 0:00:02.283861
2018-08-02 16:20:13,936 Total requests: 3
2018-08-02 16:22:48,698 Instabot Started
2018-08-02 16:22:48,700 Logged-in successfully as 'python.class' using the cookie!
2018-08-02 16:22:51,376 Bot stopped. Worked: 0:02:39.725248
2018-08-02 16:22:51,378 Total requests: 4
2018-08-02 16:24:16,199 Instabot Started
2018-08-02 16:24:16,201 Logged-in successfully as 'python.class' using the cookie!
2018-08-02 16:24:17,393 Request returns 400 error!
2018-08-02 16:24:17,430 Instagram's error message: Either co-ordinates or query must be specified
2018-08-02 16:24:17,823 Bot stopped. Worked: 0:04:06.172689
2018-08-02 16:24:17,826 Total requests: 5
2018-08-02 16:25:17,002 Instabot Started
2018-08-02 16:25:17,004 Logged-in successfully as 'python.class' using the cookie!
2018-08-02 16:25:18,769 Bot stopped. Worked: 0:05:07.118914
2018-08-02 16:25:18,772 Total requests: 6
2018-08-02 16:27:05,922 Instabot Started
2018-08-02 16:27:05,924 Logged-in successfully as 'python.class' using the cookie!
2018-08-02 16:27:07,558 Bot stopped. Worked: 0:06:55.907901
2018-08-02 16:27:07,561 Total requests: 7
2018-08-02 16:28:28,592 Instabot Started
2018-08-02 16:28:28,594 Logged-in successfully as 'python.class' using the cookie!
2018-08-02 16:28:30,178 Bot stopped. Worked: 0:08:18.527324
2018-08-02 16:28:30,180 Total requests: 8
2018-08-02 16:28:45,339 Instabot Started
2018-08-02 16:28:45,341 Logged-in successfully as 'python.class' using the cookie!
2018-08-02 16:28:46,705 Bot stopped. Worked: 0:08:35.054469
2018-08-02 16:28:46,706 Total requests: 9
2018-08-02 16:29:14,713 Instabot Started
2018-08-02 16:29:14,715 Logged-in successfully as 'python.class' using the cookie!
2018-08-02 16:29:16,453 Bot stopped. Worked: 0:09:04.802941
2018-08-02 16:29:16,456 Total requests: 10
2018-08-02 16:30:34,569 Instabot Started
2018-08-02 16:30:34,571 Logged-in successfully as 'python.class' using the cookie!
2018-08-02 16:30:36,580 Bot stopped. Worked: 0:10:24.928922
2018-08-02 16:30:36,582 Total requests: 11
